2025-12-31T09:19:59.506+08:00 [INFO] {201686d51a288618bb7c6f254789e3ec} E:/workspace/go/gfast/internal/cmd/cmd.go:24: 
   ____________           __ 
  / ____/ ____/___ ______/ /_
 / / __/ /_  / __ `/ ___/ __/
/ /_/ / __/ / /_/ (__  ) /_  
\____/_/    \__,_/____/\__/   Version: 3.3.8
2025-12-31T09:23:24.262+08:00 [ERRO] {9471b47f4a288618bf7c6f258460f52f} E:/workspace/go/gfast/internal/app/system/controller/sys_login.go:84: Redis Client Do failed with arguments "[Set gfToken:31-fe01ce2a7fbac8fafaed7c982a04e22948939af12226ab4bMITbcuxbcziaVTut [123 34 106 119 116 84 111 107 101 110 34 58 34 101 121 74 104 98 71 99 105 79 105 74 73 85 122 73 49 78 105 73 115 73 110 82 53 99 67 73 54 73 107 112 88 86 67 74 57 46 101 121 74 69 89 88 82 104 73 106 112 55 73 109 108 107 73 106 111 122 77 83 119 105 100 88 78 108 99 107 53 104 98 87 85 105 79 105 74 107 90 87 49 118 73 105 119 105 100 88 78 108 99 107 53 112 89 50 116 117 89 87 49 108 73 106 111 105 53 112 50 79 53 90 117 98 73 105 119 105 100 88 78 108 99 108 66 104 99 51 78 51 98 51 74 107 73 106 111 105 73 105 119 105 100 88 78 108 99 108 78 104 98 72 81 105 79 105 73 48 78 108 66 50 86 50 85 120 85 50 119 51 73 105 119 105 100 88 78 108 99 108 78 48 89 88 82 49 99 121 73 54 77 83 119 105 97 88 78 66 90 71 49 112 98 105 73 54 77 83 119 105 89 88 90 104 100 71 70 121 73 106 111 105 100 88 66 115 98 50 70 107 88 50 90 112 98 71 85 118 77 106 65 121 77 105 48 120 77 83 48 120 77 83 57 106 98 122 108 106 98 51 66 118 99 68 103 120 89 50 56 119 90 51 108 122 89 110 111 117 97 110 66 110 73 105 119 105 90 71 86 119 100 69 108 107 73 106 111 120 77 68 108 57 76 67 74 108 101 72 65 105 79 106 69 51 78 106 99 120 78 106 65 48 77 68 81 115 73 109 53 105 90 105 73 54 77 84 99 50 78 122 69 48 78 68 69 53 78 72 48 46 76 97 53 122 107 103 87 86 105 75 77 110 77 105 86 90 54 107 51 77 49 104 119 67 99 115 95 71 68 51 49 112 68 97 69 84 87 45 111 120 71 48 85 34 44 34 117 117 73 100 34 58 34 51 54 97 51 49 52 100 51 55 48 101 53 102 99 52 100 55 101 98 100 99 98 56 55 50 49 100 98 98 53 50 56 34 125] PX 16200000]": dial tcp 127.0.0.1:6379: connectex: No connection could be made because the target machine actively refused it. 
Stack:
1.  github.com/tiger1103/gfast/v3/internal/app/system/controller.(*loginController).Login
    E:/workspace/go/gfast/internal/app/system/controller/sys_login.go:84
2.  github.com/tiger1103/gfast/v3/internal/app/common/logic/middleware.(*sMiddleware).MiddlewareCORS
    E:/workspace/go/gfast/internal/app/common/logic/middleware/middleware.go:30

2025-12-31T09:45:31.736+08:00 [ERRO] {d4e568867f298618d77c6f256e9153ce} E:/workspace/go/gfast/library/liberr/err.go:22: 设置静态IP失败: exit status 1 
Stack:
1.  github.com/tiger1103/gfast/v3/library/liberr.ErrIsNil
    E:/workspace/go/gfast/library/liberr/err.go:22
2.  github.com/tiger1103/gfast/v3/internal/app/common/logic/sysConfig.(*sSysConfig).SaveNetworkConfig.func1
    E:/workspace/go/gfast/internal/app/common/logic/sysConfig/sys_config.go:297
3.  github.com/tiger1103/gfast/v3/internal/app/common/logic/sysConfig.(*sSysConfig).SaveNetworkConfig
    E:/workspace/go/gfast/internal/app/common/logic/sysConfig/sys_config.go:251
4.  github.com/tiger1103/gfast/v3/internal/app/system/controller.(*configController).SaveNetworkConfig
    E:/workspace/go/gfast/internal/app/system/controller/sys_config.go:63
5.  github.com/tiger1103/gfast/v3/internal/app/system/logic/middleware.(*sMiddleware).Auth
    E:/workspace/go/gfast/internal/app/system/logic/middleware/middleware.go:79
6.  github.com/tiger1103/gfast/v3/internal/app/system/logic/middleware.(*sMiddleware).Ctx
    E:/workspace/go/gfast/internal/app/system/logic/middleware/middleware.go:52
7.  github.com/tiger1103/gfast-token/gftoken.(*GfToken).authMiddleware
    C:/Users/Administrator/go/pkg/mod/github.com/tiger1103/gfast-token@v1.0.10/gftoken/middleware.go:21
8.  github.com/tiger1103/gfast/v3/internal/app/common/logic/middleware.(*sMiddleware).MiddlewareCORS
    E:/workspace/go/gfast/internal/app/common/logic/middleware/middleware.go:30

2025-12-31T09:47:44.436+08:00 [INFO] {283b1a7b9e2986184e8ce17f4241ab72} E:/workspace/go/gfast/internal/cmd/cmd.go:24: 
   ____________           __ 
  / ____/ ____/___ ______/ /_
 / / __/ /_  / __ `/ ___/ __/
/ /_/ / __/ / /_/ (__  ) /_  
\____/_/    \__,_/____/\__/   Version: 3.3.8
2025-12-31T09:47:52.579+08:00 [INFO] {747f0b089f2986184f8ce17fdd7a056a} E:/workspace/go/gfast/internal/app/common/logic/sysConfig/sys_config.go:401: 执行命令: netsh interface ipv4 set address name=以太网 static 192.168.2.131 24 192.168.2.1 5
2025-12-31T09:47:52.618+08:00 [ERRO] {747f0b089f2986184f8ce17fdd7a056a} E:/workspace/go/gfast/library/liberr/err.go:22: 设置静态IP失败: exit status 1 
Stack:
1.  github.com/tiger1103/gfast/v3/library/liberr.ErrIsNil
    E:/workspace/go/gfast/library/liberr/err.go:22
2.  github.com/tiger1103/gfast/v3/internal/app/common/logic/sysConfig.(*sSysConfig).SaveNetworkConfig.func1
    E:/workspace/go/gfast/internal/app/common/logic/sysConfig/sys_config.go:297
3.  github.com/tiger1103/gfast/v3/internal/app/common/logic/sysConfig.(*sSysConfig).SaveNetworkConfig
    E:/workspace/go/gfast/internal/app/common/logic/sysConfig/sys_config.go:251
4.  github.com/tiger1103/gfast/v3/internal/app/system/controller.(*configController).SaveNetworkConfig
    E:/workspace/go/gfast/internal/app/system/controller/sys_config.go:63
5.  github.com/tiger1103/gfast/v3/internal/app/system/logic/middleware.(*sMiddleware).Auth
    E:/workspace/go/gfast/internal/app/system/logic/middleware/middleware.go:79
6.  github.com/tiger1103/gfast/v3/internal/app/system/logic/middleware.(*sMiddleware).Ctx
    E:/workspace/go/gfast/internal/app/system/logic/middleware/middleware.go:52
7.  github.com/tiger1103/gfast-token/gftoken.(*GfToken).authMiddleware
    C:/Users/Administrator/go/pkg/mod/github.com/tiger1103/gfast-token@v1.0.10/gftoken/middleware.go:21
8.  github.com/tiger1103/gfast/v3/internal/app/common/logic/middleware.(*sMiddleware).MiddlewareCORS
    E:/workspace/go/gfast/internal/app/common/logic/middleware/middleware.go:30

2025-12-31T10:12:55.762+08:00 [INFO] {e03a245dfe2a861807fb7711e61f3322} E:/workspace/go/gfast/internal/cmd/cmd.go:24: 
   ____________           __ 
  / ____/ ____/___ ______/ /_
 / / __/ /_  / __ `/ ___/ __/
/ /_/ / __/ / /_/ (__  ) /_  
\____/_/    \__,_/____/\__/   Version: 3.3.8
2025-12-31T10:13:12.880+08:00 [ERRO] {a8694b59022b861808fb77111eb8a76c} E:/workspace/go/gfast/library/liberr/err.go:22: 192.168.2.131 
Stack:
1.  github.com/tiger1103/gfast/v3/library/liberr.ErrIsNil
    E:/workspace/go/gfast/library/liberr/err.go:22
2.  github.com/tiger1103/gfast/v3/internal/app/common/logic/sysConfig.(*sSysConfig).SaveNetworkConfig.func1
    E:/workspace/go/gfast/internal/app/common/logic/sysConfig/sys_config.go:263
3.  github.com/tiger1103/gfast/v3/internal/app/common/logic/sysConfig.(*sSysConfig).SaveNetworkConfig
    E:/workspace/go/gfast/internal/app/common/logic/sysConfig/sys_config.go:251
4.  github.com/tiger1103/gfast/v3/internal/app/system/controller.(*configController).SaveNetworkConfig
    E:/workspace/go/gfast/internal/app/system/controller/sys_config.go:63
5.  github.com/tiger1103/gfast/v3/internal/app/system/logic/middleware.(*sMiddleware).Auth
    E:/workspace/go/gfast/internal/app/system/logic/middleware/middleware.go:79
6.  github.com/tiger1103/gfast/v3/internal/app/system/logic/middleware.(*sMiddleware).Ctx
    E:/workspace/go/gfast/internal/app/system/logic/middleware/middleware.go:52
7.  github.com/tiger1103/gfast-token/gftoken.(*GfToken).authMiddleware
    C:/Users/Administrator/go/pkg/mod/github.com/tiger1103/gfast-token@v1.0.10/gftoken/middleware.go:21
8.  github.com/tiger1103/gfast/v3/internal/app/common/logic/middleware.(*sMiddleware).MiddlewareCORS
    E:/workspace/go/gfast/internal/app/common/logic/middleware/middleware.go:30

2025-12-31T10:15:35.925+08:00 [INFO] {08579da7232b86188fd1702a174898b9} E:/workspace/go/gfast/internal/cmd/cmd.go:24: 
   ____________           __ 
  / ____/ ____/___ ______/ /_
 / / __/ /_  / __ `/ ___/ __/
/ /_/ / __/ / /_/ (__  ) /_  
\____/_/    \__,_/____/\__/   Version: 3.3.8
2025-12-31T10:17:24.327+08:00 [INFO] {a44583483a2b861890d1702a379f2f4f} E:/workspace/go/gfast/internal/app/common/logic/sysConfig/sys_config.go:414: 执行命令: netsh interface ipv4 reset
2025-12-31T10:17:30.907+08:00 [INFO] {a44583483a2b861890d1702a379f2f4f} E:/workspace/go/gfast/internal/app/common/logic/sysConfig/sys_config.go:430: 执行命令: netsh interface ipv4 set address name=以太网 static 192.168.2.131 255.255.255.0 192.168.2.1 5
2025-12-31T10:17:37.390+08:00 [ERRO] {a44583483a2b861890d1702a379f2f4f} E:/workspace/go/gfast/library/liberr/err.go:22: 设置静态IP失败: exit status 1 
Stack:
1.  github.com/tiger1103/gfast/v3/library/liberr.ErrIsNil
    E:/workspace/go/gfast/library/liberr/err.go:22
2.  github.com/tiger1103/gfast/v3/internal/app/common/logic/sysConfig.(*sSysConfig).SaveNetworkConfig.func1
    E:/workspace/go/gfast/internal/app/common/logic/sysConfig/sys_config.go:303
3.  github.com/tiger1103/gfast/v3/internal/app/common/logic/sysConfig.(*sSysConfig).SaveNetworkConfig
    E:/workspace/go/gfast/internal/app/common/logic/sysConfig/sys_config.go:251
4.  github.com/tiger1103/gfast/v3/internal/app/system/controller.(*configController).SaveNetworkConfig
    E:/workspace/go/gfast/internal/app/system/controller/sys_config.go:63
5.  github.com/tiger1103/gfast/v3/internal/app/system/logic/middleware.(*sMiddleware).Auth
    E:/workspace/go/gfast/internal/app/system/logic/middleware/middleware.go:79
6.  github.com/tiger1103/gfast/v3/internal/app/system/logic/middleware.(*sMiddleware).Ctx
    E:/workspace/go/gfast/internal/app/system/logic/middleware/middleware.go:52
7.  github.com/tiger1103/gfast-token/gftoken.(*GfToken).authMiddleware
    C:/Users/Administrator/go/pkg/mod/github.com/tiger1103/gfast-token@v1.0.10/gftoken/middleware.go:21
8.  github.com/tiger1103/gfast/v3/internal/app/common/logic/middleware.(*sMiddleware).MiddlewareCORS
    E:/workspace/go/gfast/internal/app/common/logic/middleware/middleware.go:30

2025-12-31T11:09:14.630+08:00 [INFO] {10366111112e8618e74cb579472c8bad} E:/workspace/go/gfast/internal/cmd/cmd.go:24: 
   ____________           __ 
  / ____/ ____/___ ______/ /_
 / / __/ /_  / __ `/ ___/ __/
/ /_/ / __/ / /_/ (__  ) /_  
\____/_/    \__,_/____/\__/   Version: 3.3.8
2025-12-31T11:09:21.874+08:00 [INFO] {a0aad41f122e8618e84cb57916695c32} E:/workspace/go/gfast/internal/app/common/logic/sysConfig/sys_config.go:414: 执行命令: netsh interface ipv4 reset
2025-12-31T11:09:21.985+08:00 [INFO] {a0aad41f122e8618e84cb57916695c32} E:/workspace/go/gfast/internal/app/common/logic/sysConfig/sys_config.go:430: 执行命令: netsh interface ipv4 set address name=以太网 static 192.168.2.131 255.255.255.0 192.168.2.1 5
2025-12-31T11:09:22.163+08:00 [INFO] {a0aad41f122e8618e84cb57916695c32} E:/workspace/go/gfast/internal/app/common/logic/sysConfig/sys_config.go:443: 执行命令: netsh interface ipv4 set dns name=以太网 static 114.114.114.114
2025-12-31T11:09:22.349+08:00 [ERRO] {3c604cdd122e8618e94cb5790c1a51ef} E:/workspace/go/gfast/internal/app/system/logic/sysOperLog/sys_oper_log.go:117: SHOW FULL COLUMNS FROM `sys_oper_log`: dial tcp 192.168.2.111:3306: connectex: A socket operation was attempted to an unreachable host. 
Stack:
1.  github.com/tiger1103/gfast/v3/internal/app/system/logic/sysOperLog.(*sOperateLog).operationLogAdd
    E:/workspace/go/gfast/internal/app/system/logic/sysOperLog/sys_oper_log.go:117
2.  github.com/tiger1103/gfast/v3/internal/app/system/logic/sysOperLog.(*sOperateLog).Invoke.func1
    E:/workspace/go/gfast/internal/app/system/logic/sysOperLog/sys_oper_log.go:80

2025-12-31T11:20:39.194+08:00 [INFO] {f80a8d74b02e86182f55f42ad0c905f7} E:/workspace/go/gfast/internal/cmd/cmd.go:24: 
   ____________           __ 
  / ____/ ____/___ ______/ /_
 / / __/ /_  / __ `/ ___/ __/
/ /_/ / __/ / /_/ (__  ) /_  
\____/_/    \__,_/____/\__/   Version: 3.3.8
2025-12-31T11:22:38.090+08:00 [INFO] {7c034b23cc2e86183f55f42a9aaf3bc5} E:/workspace/go/gfast/internal/app/system/controller/sys_config.go:67: 保存网络配置 - 用户ID: 31
2025-12-31T11:22:48.603+08:00 [INFO] {7c034b23cc2e86183f55f42a9aaf3bc5} E:/workspace/go/gfast/internal/app/common/logic/sysConfig/sys_config.go:439: 执行命令: netsh interface ipv4 reset
2025-12-31T11:22:48.787+08:00 [INFO] {7c034b23cc2e86183f55f42a9aaf3bc5} E:/workspace/go/gfast/internal/app/common/logic/sysConfig/sys_config.go:455: 执行命令: netsh interface ipv4 set address name=以太网 static 192.168.2.130 255.255.255.0 192.168.2.1 5
2025-12-31T11:22:48.924+08:00 [INFO] {7c034b23cc2e86183f55f42a9aaf3bc5} E:/workspace/go/gfast/internal/app/common/logic/sysConfig/sys_config.go:468: 执行命令: netsh interface ipv4 set dns name=以太网 static 114.114.114.114
2025-12-31T11:22:49.111+08:00 [ERRO] {ac1d2cb4ce2e86184055f42ada501a33} E:/workspace/go/gfast/internal/app/system/logic/sysOperLog/sys_oper_log.go:117: INSERT INTO `sys_oper_log`(`title`,`method`,`request_method`,`operator_type`,`oper_name`,`dept_name`,`oper_url`,`oper_ip`,`oper_location`,`oper_param`,`oper_time`) VALUES('','/api/v1/system/config/network/save','POST',1,'demo','财务部门','/api/v1/system/config/network/save','::1','内网IP','{"connName":"以太网","dnsServer":"114.114.114.114","gateway":"192.168.2.1","ipAddress":"192.168.2.130","ipType":1,"nicName":"以太网","routingWeight":5,"subnetMask":"24"}','2025-12-31 11:22:49') : dial tcp 192.168.2.111:3306: connectex: A socket operation was attempted to an unreachable host. 
Stack:
1.  github.com/tiger1103/gfast/v3/internal/app/system/logic/sysOperLog.(*sOperateLog).operationLogAdd
    E:/workspace/go/gfast/internal/app/system/logic/sysOperLog/sys_oper_log.go:117
2.  github.com/tiger1103/gfast/v3/internal/app/system/logic/sysOperLog.(*sOperateLog).Invoke.func1
    E:/workspace/go/gfast/internal/app/system/logic/sysOperLog/sys_oper_log.go:80

2025-12-31T11:33:45.313+08:00 [INFO] {d097ea7c672f8618bdbb457ba3634032} E:/workspace/go/gfast/internal/cmd/cmd.go:24: 
   ____________           __ 
  / ____/ ____/___ ______/ /_
 / / __/ /_  / __ `/ ___/ __/
/ /_/ / __/ / /_/ (__  ) /_  
\____/_/    \__,_/____/\__/   Version: 3.3.8
2025-12-31T11:34:02.620+08:00 [INFO] {b88464846b2f8618bebb457b7307e5a4} E:/workspace/go/gfast/internal/app/system/controller/sys_config.go:67: 保存网络配置 - 用户ID: 31
2025-12-31T11:34:06.739+08:00 [INFO] {b88464846b2f8618bebb457b7307e5a4} E:/workspace/go/gfast/internal/app/common/logic/sysConfig/sys_config.go:439: 执行命令: netsh interface ipv4 reset
2025-12-31T11:34:06.848+08:00 [INFO] {b88464846b2f8618bebb457b7307e5a4} E:/workspace/go/gfast/internal/app/common/logic/sysConfig/sys_config.go:455: 执行命令: netsh interface ipv4 set address name=以太网 static 192.168.2.130 255.255.255.0 192.168.2.1 5
2025-12-31T11:34:06.966+08:00 [INFO] {b88464846b2f8618bebb457b7307e5a4} E:/workspace/go/gfast/internal/app/common/logic/sysConfig/sys_config.go:468: 执行命令: netsh interface ipv4 set dns name=以太网 static 114.114.114.114
2025-12-31T11:34:07.143+08:00 [ERRO] {7453e4916c2f8618bfbb457b46f29603} E:/workspace/go/gfast/internal/app/system/logic/sysOperLog/sys_oper_log.go:117: SHOW FULL COLUMNS FROM `sys_oper_log`: dial tcp 192.168.2.111:3306: connectex: A socket operation was attempted to an unreachable host. 
Stack:
1.  github.com/tiger1103/gfast/v3/internal/app/system/logic/sysOperLog.(*sOperateLog).operationLogAdd
    E:/workspace/go/gfast/internal/app/system/logic/sysOperLog/sys_oper_log.go:117
2.  github.com/tiger1103/gfast/v3/internal/app/system/logic/sysOperLog.(*sOperateLog).Invoke.func1
    E:/workspace/go/gfast/internal/app/system/logic/sysOperLog/sys_oper_log.go:80

2025-12-31T11:34:26.047+08:00 [INFO] {a46dcaf8702f8618c0bb457b0057380f} E:/workspace/go/gfast/internal/app/system/controller/sys_config.go:67: 保存网络配置 - 用户ID: 31
2025-12-31T11:34:29.333+08:00 [INFO] {a46dcaf8702f8618c0bb457b0057380f} E:/workspace/go/gfast/internal/app/common/logic/sysConfig/sys_config.go:439: 执行命令: netsh interface ipv4 reset
2025-12-31T11:34:29.416+08:00 [INFO] {a46dcaf8702f8618c0bb457b0057380f} E:/workspace/go/gfast/internal/app/common/logic/sysConfig/sys_config.go:455: 执行命令: netsh interface ipv4 set address name=以太网 static 192.168.2.131 255.255.255.0 192.168.2.1 5
2025-12-31T11:34:29.636+08:00 [INFO] {a46dcaf8702f8618c0bb457b0057380f} E:/workspace/go/gfast/internal/app/common/logic/sysConfig/sys_config.go:468: 执行命令: netsh interface ipv4 set dns name=以太网 static 114.114.114.114
2025-12-31T11:34:29.776+08:00 [ERRO] {8460ffd6712f8618c1bb457b4afdd8b3} E:/workspace/go/gfast/internal/app/system/logic/sysOperLog/sys_oper_log.go:117: SHOW FULL COLUMNS FROM `sys_oper_log`: dial tcp 192.168.2.111:3306: connectex: A socket operation was attempted to an unreachable host. 
Stack:
1.  github.com/tiger1103/gfast/v3/internal/app/system/logic/sysOperLog.(*sOperateLog).operationLogAdd
    E:/workspace/go/gfast/internal/app/system/logic/sysOperLog/sys_oper_log.go:117
2.  github.com/tiger1103/gfast/v3/internal/app/system/logic/sysOperLog.(*sOperateLog).Invoke.func1
    E:/workspace/go/gfast/internal/app/system/logic/sysOperLog/sys_oper_log.go:80

2025-12-31T13:03:59.852+08:00 [INFO] {781a96285434861809299a3ea91476a4} E:/workspace/go/gfast/internal/cmd/cmd.go:24: 
   ____________           __ 
  / ____/ ____/___ ______/ /_
 / / __/ /_  / __ `/ ___/ __/
/ /_/ / __/ / /_/ (__  ) /_  
\____/_/    \__,_/____/\__/   Version: 3.3.8
2025-12-31T15:51:45.205+08:00 [INFO] {6c2d5bae7b3d86181308115233e0a0a0} E:/workspace/go/gfast/internal/cmd/cmd.go:24: 
   ____________           __ 
  / ____/ ____/___ ______/ /_
 / / __/ /_  / __ `/ ___/ __/
/ /_/ / __/ / /_/ (__  ) /_  
\____/_/    \__,_/____/\__/   Version: 3.3.8
2025-12-31T15:54:49.846+08:00 [INFO] {c8c4daaba63d8618265fd136e213c939} E:/workspace/go/gfast/internal/cmd/cmd.go:24: 
   ____________           __ 
  / ____/ ____/___ ______/ /_
 / / __/ /_  / __ `/ ___/ __/
/ /_/ / __/ / /_/ (__  ) /_  
\____/_/    \__,_/____/\__/   Version: 3.3.8
2025-12-31T15:58:20.499+08:00 [INFO] {144cb6b7d73d86186d79125e433212fe} E:/workspace/go/gfast/internal/cmd/cmd.go:24: 
   ____________           __ 
  / ____/ ____/___ ______/ /_
 / / __/ /_  / __ `/ ___/ __/
/ /_/ / __/ / /_/ (__  ) /_  
\____/_/    \__,_/____/\__/   Version: 3.3.8
2025-12-31T16:19:21.497+08:00 [INFO] {884a1551fd3e861872aff958bad219cb} E:/workspace/go/gfast/internal/cmd/cmd.go:24: 
   ____________           __ 
  / ____/ ____/___ ______/ /_
 / / __/ /_  / __ `/ ___/ __/
/ /_/ / __/ / /_/ (__  ) /_  
\____/_/    \__,_/____/\__/   Version: 3.3.8
2025-12-31T16:20:02.686+08:00 [ERRO] {ac9033e7063f861874aff958e017e6ef} E:/workspace/go/gfast/library/liberr/err.go:22: SELECT COUNT(1) FROM `sys_camera`: Error 1146 (42S02): Table 'gfast-v32.sys_camera' doesn't exist 
Stack:
1.  github.com/tiger1103/gfast/v3/library/liberr.ErrIsNil
    E:/workspace/go/gfast/library/liberr/err.go:22
2.  github.com/tiger1103/gfast/v3/internal/app/system/logic/sysCamera.(*sSysCamera).List.func1
    E:/workspace/go/gfast/internal/app/system/logic/sysCamera/sys_camera.go:47
3.  github.com/tiger1103/gfast/v3/internal/app/system/logic/sysCamera.(*sSysCamera).List
    E:/workspace/go/gfast/internal/app/system/logic/sysCamera/sys_camera.go:36
4.  github.com/tiger1103/gfast/v3/internal/app/system/controller.(*cameraController).List
    E:/workspace/go/gfast/internal/app/system/controller/sys_camera.go:25
5.  github.com/tiger1103/gfast/v3/internal/app/system/logic/middleware.(*sMiddleware).Auth
    E:/workspace/go/gfast/internal/app/system/logic/middleware/middleware.go:79
6.  github.com/tiger1103/gfast/v3/internal/app/system/logic/middleware.(*sMiddleware).Ctx
    E:/workspace/go/gfast/internal/app/system/logic/middleware/middleware.go:52
7.  github.com/tiger1103/gfast-token/gftoken.(*GfToken).authMiddleware
    C:/Users/Administrator/go/pkg/mod/github.com/tiger1103/gfast-token@v1.0.10/gftoken/middleware.go:21
8.  github.com/tiger1103/gfast/v3/internal/app/common/logic/middleware.(*sMiddleware).MiddlewareCORS
    E:/workspace/go/gfast/internal/app/common/logic/middleware/middleware.go:30

2025-12-31T16:25:53.815+08:00 [ERRO] {c88f19a8583f861877aff958e713835e} E:/workspace/go/gfast/library/liberr/err.go:22: SELECT `camera_id`,`camera_name`,`group_id`,`gps_info`,`device_type`,`stream_url`,`preview_img`,`create_by`,`update_by`,`remark`,`created_at`,`updated_at` FROM `sys_camera` ORDER BY `post_sort` asc,`post_id` asc LIMIT 0,10: Error 1054 (42S22): Unknown column 'post_sort' in 'order clause' 
Stack:
1.  github.com/tiger1103/gfast/v3/library/liberr.ErrIsNil
    E:/workspace/go/gfast/library/liberr/err.go:22
2.  github.com/tiger1103/gfast/v3/internal/app/system/logic/sysCamera.(*sSysCamera).List.func1
    E:/workspace/go/gfast/internal/app/system/logic/sysCamera/sys_camera.go:56
3.  github.com/tiger1103/gfast/v3/internal/app/system/logic/sysCamera.(*sSysCamera).List
    E:/workspace/go/gfast/internal/app/system/logic/sysCamera/sys_camera.go:36
4.  github.com/tiger1103/gfast/v3/internal/app/system/controller.(*cameraController).List
    E:/workspace/go/gfast/internal/app/system/controller/sys_camera.go:25
5.  github.com/tiger1103/gfast/v3/internal/app/system/logic/middleware.(*sMiddleware).Auth
    E:/workspace/go/gfast/internal/app/system/logic/middleware/middleware.go:79
6.  github.com/tiger1103/gfast/v3/internal/app/system/logic/middleware.(*sMiddleware).Ctx
    E:/workspace/go/gfast/internal/app/system/logic/middleware/middleware.go:52
7.  github.com/tiger1103/gfast-token/gftoken.(*GfToken).authMiddleware
    C:/Users/Administrator/go/pkg/mod/github.com/tiger1103/gfast-token@v1.0.10/gftoken/middleware.go:21
8.  github.com/tiger1103/gfast/v3/internal/app/common/logic/middleware.(*sMiddleware).MiddlewareCORS
    E:/workspace/go/gfast/internal/app/common/logic/middleware/middleware.go:30

2025-12-31T16:26:00.960+08:00 [ERRO] {54cbbe525a3f86187aaff95870127c00} E:/workspace/go/gfast/library/liberr/err.go:22: SELECT `camera_id`,`camera_name`,`group_id`,`gps_info`,`device_type`,`stream_url`,`preview_img`,`create_by`,`update_by`,`remark`,`created_at`,`updated_at` FROM `sys_camera` ORDER BY `post_sort` asc,`post_id` asc LIMIT 0,10: Error 1054 (42S22): Unknown column 'post_sort' in 'order clause' 
Stack:
1.  github.com/tiger1103/gfast/v3/library/liberr.ErrIsNil
    E:/workspace/go/gfast/library/liberr/err.go:22
2.  github.com/tiger1103/gfast/v3/internal/app/system/logic/sysCamera.(*sSysCamera).List.func1
    E:/workspace/go/gfast/internal/app/system/logic/sysCamera/sys_camera.go:56
3.  github.com/tiger1103/gfast/v3/internal/app/system/logic/sysCamera.(*sSysCamera).List
    E:/workspace/go/gfast/internal/app/system/logic/sysCamera/sys_camera.go:36
4.  github.com/tiger1103/gfast/v3/internal/app/system/controller.(*cameraController).List
    E:/workspace/go/gfast/internal/app/system/controller/sys_camera.go:25
5.  github.com/tiger1103/gfast/v3/internal/app/system/logic/middleware.(*sMiddleware).Auth
    E:/workspace/go/gfast/internal/app/system/logic/middleware/middleware.go:79
6.  github.com/tiger1103/gfast/v3/internal/app/system/logic/middleware.(*sMiddleware).Ctx
    E:/workspace/go/gfast/internal/app/system/logic/middleware/middleware.go:52
7.  github.com/tiger1103/gfast-token/gftoken.(*GfToken).authMiddleware
    C:/Users/Administrator/go/pkg/mod/github.com/tiger1103/gfast-token@v1.0.10/gftoken/middleware.go:21
8.  github.com/tiger1103/gfast/v3/internal/app/common/logic/middleware.(*sMiddleware).MiddlewareCORS
    E:/workspace/go/gfast/internal/app/common/logic/middleware/middleware.go:30

2025-12-31T16:26:45.367+08:00 [INFO] {1067c4a9643f86182c7f250623a3a947} E:/workspace/go/gfast/internal/cmd/cmd.go:24: 
   ____________           __ 
  / ____/ ____/___ ______/ /_
 / / __/ /_  / __ `/ ___/ __/
/ /_/ / __/ / /_/ (__  ) /_  
\____/_/    \__,_/____/\__/   Version: 3.3.8
2025-12-31T16:34:25.856+08:00 [INFO] {48de0de1cf3f86189cad61142310b6a4} E:/workspace/go/gfast/internal/cmd/cmd.go:24: 
   ____________           __ 
  / ____/ ____/___ ______/ /_
 / / __/ /_  / __ `/ ___/ __/
/ /_/ / __/ / /_/ (__  ) /_  
\____/_/    \__,_/____/\__/   Version: 3.3.8
2025-12-31T16:36:24.814+08:00 [INFO] {cc267d93eb3f86184ec0f448fb48f2f6} E:/workspace/go/gfast/internal/cmd/cmd.go:24: 
   ____________           __ 
  / ____/ ____/___ ______/ /_
 / / __/ /_  / __ `/ ___/ __/
/ /_/ / __/ / /_/ (__  ) /_  
\____/_/    \__,_/____/\__/   Version: 3.3.8
2025-12-31T16:55:35.451+08:00 [INFO] {d40ad47af74086185fc0f44884bce3a8} C:/Users/Administrator/go/pkg/mod/github.com/tiger1103/gfast-token@v1.0.10/gftoken/gftoken.go:108: decrypt Token empty
2025-12-31T17:06:32.827+08:00 [INFO] {741d7e89904186181533ac6e29f3fc92} E:/workspace/go/gfast/internal/cmd/cmd.go:24: 
   ____________           __ 
  / ____/ ____/___ ______/ /_
 / / __/ /_  / __ `/ ___/ __/
/ /_/ / __/ / /_/ (__  ) /_  
\____/_/    \__,_/____/\__/   Version: 3.3.8
