2026-01-04T08:32:27.981+08:00 [DEBU] {c4c1de96d25f8718d6fe8a31e364d170} [11135 ms] [default] [gfast-v32] [rows:16 ] SHOW TABLES
2026-01-04T08:32:27.998+08:00 [DEBU] {c4c1de96d25f8718d6fe8a31e364d170} [ 13 ms] [default] [gfast-v32] [rows:21 ] SHOW FULL COLUMNS FROM `sys_user`
2026-01-04T08:32:28.024+08:00 [DEBU] {c4c1de96d25f8718d6fe8a31e364d170} [ 24 ms] [default] [gfast-v32] [rows:1  ] SELECT `id`,`user_name`,`user_nickname`,`user_password`,`user_salt`,`user_status`,`is_admin`,`avatar`,`dept_id` FROM `sys_user` WHERE (`user_name`='demo') AND `deleted_at` IS NULL LIMIT 1
2026-01-04T08:32:28.028+08:00 [DEBU] {c4c1de96d25f8718d6fe8a31e364d170} [  3 ms] [default] [gfast-v32] [rows:1  ] UPDATE `sys_user` SET `last_login_ip`='::1',`last_login_time`='2026-01-04 08:32:28' WHERE `id`=31
2026-01-04T08:32:28.033+08:00 [DEBU] {6ce98a31d55f8718d7fe8a31e9df3186} [  3 ms] [default] [gfast-v32] [rows:10 ] SHOW FULL COLUMNS FROM `sys_login_log`
2026-01-04T08:32:28.036+08:00 [DEBU] {c4c1de96d25f8718d6fe8a31e364d170} [  3 ms] [default] [gfast-v32] [rows:7  ] SHOW FULL COLUMNS FROM `casbin_rule`
2026-01-04T08:32:28.049+08:00 [DEBU] {c4c1de96d25f8718d6fe8a31e364d170} [ 13 ms] [default] [gfast-v32] [rows:30 ] SELECT `ptype`,`v0`,`v1`,`v2`,`v3`,`v4`,`v5` FROM `casbin_rule`
2026-01-04T08:32:28.053+08:00 [DEBU] {6ce98a31d55f8718d7fe8a31e9df3186} [ 17 ms] [default] [gfast-v32] [rows:1  ] INSERT INTO `sys_login_log`(`login_name`,`ipaddr`,`login_location`,`browser`,`os`,`status`,`msg`,`login_time`,`module`) VALUES('demo','::1','内网IP','Edge','Windows 10',1,'登录成功','2026-01-04 08:32:28','系统后台') 
2026-01-04T08:32:28.054+08:00 [DEBU] {48e9d032d55f8718d8fe8a3127bd0cdd} [  3 ms] [default] [gfast-v32] [rows:8  ] SHOW FULL COLUMNS FROM `sys_user_online`
2026-01-04T08:32:28.067+08:00 [DEBU] {48e9d032d55f8718d8fe8a3127bd0cdd} [ 13 ms] [default] [gfast-v32] [rows:0  ] SELECT `id` FROM `sys_user_online` WHERE `token`='7ZUSfVIf2HyYjcv86SKPPs29v003ECPEScsdYsYYqO33yt51hBCb8krpaessTMAa01FeutOJigpfRYUgTQWsy5PsB8q17592RWfrSsRf/7MRiwOGbtW1lvloIGQB+uLGndIk4gbDuqtgq8xr8Y0evQ==' LIMIT 1
2026-01-04T08:32:28.070+08:00 [DEBU] {48e9d032d55f8718d8fe8a3127bd0cdd} [  3 ms] [default] [gfast-v32] [rows:1  ] INSERT INTO `sys_user_online`(`uuid`,`token`,`create_time`,`user_name`,`ip`,`explorer`,`os`) VALUES('36b0ed77686cac30f5316a082e0174f1','7ZUSfVIf2HyYjcv86SKPPs29v003ECPEScsdYsYYqO33yt51hBCb8krpaessTMAa01FeutOJigpfRYUgTQWsy5PsB8q17592RWfrSsRf/7MRiwOGbtW1lvloIGQB+uLGndIk4gbDuqtgq8xr8Y0evQ==','2026-01-04 08:32:28','demo','::1','Edge','Windows 10') 
2026-01-04T08:32:37.454+08:00 [DEBU] {d853c262d75f8718dcfe8a312e581c82} [  8 ms] [default] [gfast-v32] [rows:12 ] SHOW FULL COLUMNS FROM `sys_camera`
2026-01-04T08:32:37.481+08:00 [DEBU] {d853c262d75f8718dcfe8a312e581c82} [ 26 ms] [default] [gfast-v32] [rows:1  ] SELECT COUNT(1) FROM `sys_camera`
2026-01-04T08:32:37.483+08:00 [DEBU] {d853c262d75f8718dcfe8a312e581c82} [  1 ms] [default] [gfast-v32] [rows:1  ] SELECT `camera_id`,`camera_name`,`group_id`,`gps_info`,`device_type`,`stream_url`,`preview_img`,`create_by`,`update_by`,`remark`,`created_at`,`updated_at` FROM `sys_camera` ORDER BY `created_at` desc LIMIT 0,10
2026-01-04T08:32:37.490+08:00 [DEBU] {d4f11665d75f8718ddfe8a318f4b9839} [  5 ms] [default] [gfast-v32] [rows:14 ] SHOW FULL COLUMNS FROM `sys_oper_log`
2026-01-04T08:32:37.509+08:00 [DEBU] {d4f11665d75f8718ddfe8a318f4b9839} [ 18 ms] [default] [gfast-v32] [rows:1  ] INSERT INTO `sys_oper_log`(`title`,`method`,`request_method`,`operator_type`,`oper_name`,`dept_name`,`oper_url`,`oper_ip`,`oper_location`,`oper_param`,`oper_time`) VALUES('摄像头管理','/api/v1/system/camera/list','GET',1,'demo','财务部门','/api/v1/system/camera/list?pageNum=1&pageSize=10&cameraName=&groupId=&deviceType=','::1','内网IP','{"cameraName":"","deviceType":"","groupId":"","pageNum":"1","pageSize":"10"}','2026-01-04 08:32:37') 
2026-01-04T08:32:42.901+08:00 [DEBU] {5838d1a7d85f8718e0fe8a313a1beba1} [  2 ms] [default] [gfast-v32] [rows:1  ] SELECT COUNT(1) FROM `sys_camera`
2026-01-04T08:32:42.903+08:00 [DEBU] {5838d1a7d85f8718e0fe8a313a1beba1} [  2 ms] [default] [gfast-v32] [rows:1  ] SELECT `camera_id`,`camera_name`,`group_id`,`gps_info`,`device_type`,`stream_url`,`preview_img`,`create_by`,`update_by`,`remark`,`created_at`,`updated_at` FROM `sys_camera` ORDER BY `created_at` desc LIMIT 0,10
2026-01-04T08:32:42.912+08:00 [DEBU] {6cf91ea8d85f8718e1fe8a316936d902} [  7 ms] [default] [gfast-v32] [rows:1  ] INSERT INTO `sys_oper_log`(`title`,`method`,`request_method`,`operator_type`,`oper_name`,`dept_name`,`oper_url`,`oper_ip`,`oper_location`,`oper_param`,`oper_time`) VALUES('摄像头管理','/api/v1/system/camera/list','GET',1,'demo','财务部门','/api/v1/system/camera/list?pageNum=1&pageSize=10&cameraName=&groupId=&deviceType=','::1','内网IP','{"cameraName":"","deviceType":"","groupId":"","pageNum":"1","pageSize":"10"}','2026-01-04 08:32:42') 
2026-01-04T08:32:52.120+08:00 [DEBU] {b4a035cdda5f8718e3fe8a319873f710} [  3 ms] [default] [gfast-v32] [rows:1  ] SELECT `camera_id`,`camera_name`,`group_id`,`gps_info`,`device_type`,`stream_url`,`preview_img`,`create_by`,`update_by`,`remark`,`created_at`,`updated_at` FROM `sys_camera` WHERE `camera_id`=1 LIMIT 1
2026-01-04T08:32:52.129+08:00 [DEBU] {043880cdda5f8718e4fe8a3169ae3421} [  7 ms] [default] [gfast-v32] [rows:1  ] INSERT INTO `sys_oper_log`(`title`,`method`,`request_method`,`operator_type`,`oper_name`,`dept_name`,`oper_url`,`oper_ip`,`oper_location`,`oper_param`,`oper_time`) VALUES('','/api/v1/system/camera/get','GET',1,'demo','财务部门','/api/v1/system/camera/get?id=1','::1','内网IP','{"id":"1"}','2026-01-04 08:32:52') 
2026-01-04T09:55:36.448+08:00 [DEBU] {8882eca55e648718e7fe8a31106d80ae} [  6 ms] [default] [gfast-v32] [rows:1  ] SELECT COUNT(1) FROM `sys_camera`
2026-01-04T09:55:36.450+08:00 [DEBU] {8882eca55e648718e7fe8a31106d80ae} [  2 ms] [default] [gfast-v32] [rows:1  ] SELECT `camera_id`,`camera_name`,`group_id`,`gps_info`,`device_type`,`stream_url`,`preview_img`,`create_by`,`update_by`,`remark`,`created_at`,`updated_at` FROM `sys_camera` ORDER BY `created_at` desc LIMIT 0,10
2026-01-04T09:55:36.459+08:00 [DEBU] {9cdaa2a65e648718e8fe8a317ef9fd31} [  7 ms] [default] [gfast-v32] [rows:1  ] INSERT INTO `sys_oper_log`(`title`,`method`,`request_method`,`operator_type`,`oper_name`,`dept_name`,`oper_url`,`oper_ip`,`oper_location`,`oper_param`,`oper_time`) VALUES('摄像头管理','/api/v1/system/camera/list','GET',1,'demo','财务部门','/api/v1/system/camera/list?pageNum=1&pageSize=10&cameraName=&groupId=&deviceType=','::1','内网IP','{"cameraName":"","deviceType":"","groupId":"","pageNum":"1","pageSize":"10"}','2026-01-04 09:55:36') 
2026-01-04T09:55:38.658+08:00 [DEBU] {bc2eb0295f648718e9fe8a31b31ccc49} [  7 ms] [default] [gfast-v32] [rows:1  ] SELECT `camera_id`,`camera_name`,`group_id`,`gps_info`,`device_type`,`stream_url`,`preview_img`,`create_by`,`update_by`,`remark`,`created_at`,`updated_at` FROM `sys_camera` WHERE `camera_id`=1 LIMIT 1
2026-01-04T09:55:38.665+08:00 [DEBU] {e44a432a5f648718eafe8a31842b0916} [  4 ms] [default] [gfast-v32] [rows:1  ] INSERT INTO `sys_oper_log`(`title`,`method`,`request_method`,`operator_type`,`oper_name`,`dept_name`,`oper_url`,`oper_ip`,`oper_location`,`oper_param`,`oper_time`) VALUES('','/api/v1/system/camera/get','GET',1,'demo','财务部门','/api/v1/system/camera/get?id=1','::1','内网IP','{"id":"1"}','2026-01-04 09:55:38') 
2026-01-04T09:58:09.275+08:00 [DEBU] {1818fa3a82648718ecfe8a316fbecf21} [  9 ms] [default] [gfast-v32] [rows:1  ] SELECT `camera_id`,`camera_name`,`group_id`,`gps_info`,`device_type`,`stream_url`,`preview_img`,`create_by`,`update_by`,`remark`,`created_at`,`updated_at` FROM `sys_camera` WHERE `camera_id`=1 LIMIT 1
2026-01-04T09:58:09.282+08:00 [DEBU] {0071b83b82648718edfe8a31cb372b9a} [  5 ms] [default] [gfast-v32] [rows:1  ] INSERT INTO `sys_oper_log`(`title`,`method`,`request_method`,`operator_type`,`oper_name`,`dept_name`,`oper_url`,`oper_ip`,`oper_location`,`oper_param`,`oper_time`) VALUES('','/api/v1/system/camera/get','GET',1,'demo','财务部门','/api/v1/system/camera/get?id=1','::1','内网IP','{"id":"1"}','2026-01-04 09:58:09') 
2026-01-04T09:58:16.059+08:00 [DEBU] {90ead7cf83648718f0fe8a314482f386} [  2 ms] [default] [gfast-v32] [rows:1  ] SELECT COUNT(1) FROM `sys_camera`
2026-01-04T09:58:16.061+08:00 [DEBU] {90ead7cf83648718f0fe8a314482f386} [  1 ms] [default] [gfast-v32] [rows:1  ] SELECT `camera_id`,`camera_name`,`group_id`,`gps_info`,`device_type`,`stream_url`,`preview_img`,`create_by`,`update_by`,`remark`,`created_at`,`updated_at` FROM `sys_camera` ORDER BY `created_at` desc LIMIT 0,10
2026-01-04T09:58:16.071+08:00 [DEBU] {d05b3fd083648718f1fe8a3162386fbe} [  7 ms] [default] [gfast-v32] [rows:1  ] INSERT INTO `sys_oper_log`(`title`,`method`,`request_method`,`operator_type`,`oper_name`,`dept_name`,`oper_url`,`oper_ip`,`oper_location`,`oper_param`,`oper_time`) VALUES('摄像头管理','/api/v1/system/camera/list','GET',1,'demo','财务部门','/api/v1/system/camera/list?pageNum=1&pageSize=10&cameraName=&groupId=&deviceType=','::1','内网IP','{"cameraName":"","deviceType":"","groupId":"","pageNum":"1","pageSize":"10"}','2026-01-04 09:58:16') 
2026-01-04T09:58:20.710+08:00 [DEBU] {54aa01e584648718f3fe8a31dc8b47d0} [  3 ms] [default] [gfast-v32] [rows:1  ] SELECT `camera_id`,`camera_name`,`group_id`,`gps_info`,`device_type`,`stream_url`,`preview_img`,`create_by`,`update_by`,`remark`,`created_at`,`updated_at` FROM `sys_camera` WHERE `camera_id`=1 LIMIT 1
2026-01-04T09:58:20.720+08:00 [DEBU] {f0cb57e584648718f4fe8a3154e64e0e} [  7 ms] [default] [gfast-v32] [rows:1  ] INSERT INTO `sys_oper_log`(`title`,`method`,`request_method`,`operator_type`,`oper_name`,`dept_name`,`oper_url`,`oper_ip`,`oper_location`,`oper_param`,`oper_time`) VALUES('','/api/v1/system/camera/get','GET',1,'demo','财务部门','/api/v1/system/camera/get?id=1','::1','内网IP','{"id":"1"}','2026-01-04 09:58:20') 
